Using pre-set license
Built from '2021.3/release' branch; Version is '2021.3.17f1 (3e8111cac19d) revision 4096273'; Using compiler version '192829333'; Build Type 'Release'
OS: 'Windows 10  (10.0.19044) 64bit Core' Language: 'en' Physical Memory: 16304 MB
BatchMode: 1, IsHumanControllingUs: 0, StartBugReporterOnCrash: 0, Is64bit: 1, IsPro: 1

COMMAND LINE ARGUMENTS:
D:\Unity\Hub\Editor\2021.3.17f1\Editor\Unity.exe
-adb2
-batchMode
-noUpm
-name
AssetImportWorker2
-projectPath
C:/Users/Dean/Documents/GitHub/mod3-cardgames-kilykd
-logFile
Logs/AssetImportWorker2.log
-srvPort
62894
Successfully changed project path to: C:/Users/Dean/Documents/GitHub/mod3-cardgames-kilykd
C:/Users/Dean/Documents/GitHub/mod3-cardgames-kilykd
[UnityMemory] Configuration Parameters - Can be set up in boot.config
    "memorysetup-bucket-allocator-granularity=16"
    "memorysetup-bucket-allocator-bucket-count=8"
    "memorysetup-bucket-allocator-block-size=33554432"
    "memorysetup-bucket-allocator-block-count=8"
    "memorysetup-main-allocator-block-size=16777216"
    "memorysetup-thread-allocator-block-size=16777216"
    "memorysetup-gfx-main-allocator-block-size=16777216"
    "memorysetup-gfx-thread-allocator-block-size=16777216"
    "memorysetup-cache-allocator-block-size=4194304"
    "memorysetup-typetree-allocator-block-size=2097152"
    "memorysetup-profiler-bucket-allocator-granularity=16"
    "memorysetup-profiler-bucket-allocator-bucket-count=8"
    "memorysetup-profiler-bucket-allocator-block-size=33554432"
    "memorysetup-profiler-bucket-allocator-block-count=8"
    "memorysetup-profiler-allocator-block-size=16777216"
    "memorysetup-profiler-editor-allocator-block-size=1048576"
    "memorysetup-temp-allocator-size-main=16777216"
    "memorysetup-job-temp-allocator-block-size=2097152"
    "memorysetup-job-temp-allocator-block-size-background=1048576"
    "memorysetup-job-temp-allocator-reduction-small-platforms=262144"
    "memorysetup-temp-allocator-size-background-worker=32768"
    "memorysetup-temp-allocator-size-job-worker=262144"
    "memorysetup-temp-allocator-size-preload-manager=33554432"
    "memorysetup-temp-allocator-size-nav-mesh-worker=65536"
    "memorysetup-temp-allocator-size-audio-worker=65536"
    "memorysetup-temp-allocator-size-cloud-worker=32768"
    "memorysetup-temp-allocator-size-gi-baking-worker=262144"
    "memorysetup-temp-allocator-size-gfx=262144"
Player connection [23368] Host "[IP] 192.168.2.10 [Port] 0 [Flags] 2 [Guid] 3369626435 [EditorId] 3369626435 [Version] 1048832 [Id] WindowsEditor(7,DESKTOP-6TQ789F) [Debug] 1 [PackageName] WindowsEditor [ProjectName] Editor" joined multi-casting on [225.0.0.222:54997]...

Player connection [23368] Host "[IP] 192.168.2.10 [Port] 0 [Flags] 2 [Guid] 3369626435 [EditorId] 3369626435 [Version] 1048832 [Id] WindowsEditor(7,DESKTOP-6TQ789F) [Debug] 1 [PackageName] WindowsEditor [ProjectName] Editor" joined alternative multi-casting on [225.0.0.222:34997]...

Refreshing native plugins compatible for Editor in 33.36 ms, found 2 plugins.
Preloading 0 native plugins for Editor in 0.00 ms.
Initialize engine version: 2021.3.17f1 (3e8111cac19d)
[Subsystems] Discovering subsystems at path D:/Unity/Hub/Editor/2021.3.17f1/Editor/Data/Resources/UnitySubsystems
[Subsystems] Discovering subsystems at path C:/Users/Dean/Documents/GitHub/mod3-cardgames-kilykd/Assets
GfxDevice: creating device client; threaded=0; jobified=0
Direct3D:
    Version:  Direct3D 11.0 [level 11.1]
    Renderer: NVIDIA GeForce GTX 1060 (ID=0x1c20)
    Vendor:   NVIDIA
    VRAM:     6043 MB
    Driver:   31.0.15.2647
Initialize mono
Mono path[0] = 'D:/Unity/Hub/Editor/2021.3.17f1/Editor/Data/Managed'
Mono path[1] = 'D:/Unity/Hub/Editor/2021.3.17f1/Editor/Data/MonoBleedingEdge/lib/mono/unityjit-win32'
Mono config path = 'D:/Unity/Hub/Editor/2021.3.17f1/Editor/Data/MonoBleedingEdge/etc'
Using monoOptions --debugger-agent=transport=dt_socket,embedding=1,server=y,suspend=n,address=127.0.0.1:56480
Begin MonoManager ReloadAssembly
Registering precompiled unity dll's ...
Register platform support module: D:/Unity/Hub/Editor/2021.3.17f1/Editor/Data/PlaybackEngines/WebGLSupport/UnityEditor.WebGL.Extensions.dll
Register platform support module: D:/Unity/Hub/Editor/2021.3.17f1/Editor/Data/PlaybackEngines/WindowsStandaloneSupport/UnityEditor.WindowsStandalone.Extensions.dll
Registered in 0.005083 seconds.
Native extension for WindowsStandalone target not found
Native extension for WebGL target not found
Refreshing native plugins compatible for Editor in 30.90 ms, found 2 plugins.
Preloading 0 native plugins for Editor in 0.00 ms.
Mono: successfully reloaded assembly
- Completed reload, in  0.684 seconds
Domain Reload Profiling:
	ReloadAssembly (684ms)
		BeginReloadAssembly (80ms)
			ExecutionOrderSort (0ms)
			DisableScriptedObjects (0ms)
			BackupInstance (0ms)
			ReleaseScriptingObjects (0ms)
			CreateAndSetChildDomain (1ms)
		EndReloadAssembly (485ms)
			LoadAssemblies (79ms)
			RebuildTransferFunctionScriptingTraits (0ms)
			SetupTypeCache (138ms)
			ReleaseScriptCaches (0ms)
			RebuildScriptCaches (39ms)
			SetupLoadedEditorAssemblies (251ms)
				LogAssemblyErrors (0ms)
				InitializePlatformSupportModulesInManaged (9ms)
				SetLoadedEditorAssemblies (0ms)
				RefreshPlugins (31ms)
				BeforeProcessingInitializeOnLoad (1ms)
				ProcessInitializeOnLoadAttributes (156ms)
				ProcessInitializeOnLoadMethodAttributes (54ms)
				AfterProcessingInitializeOnLoad (0ms)
				EditorAssembliesLoaded (0ms)
			ExecutionOrderSort2 (0ms)
			AwakeInstancesAfterBackupRestoration (0ms)
Platform modules already initialized, skipping
Registering precompiled user dll's ...
Registered in 0.005136 seconds.
Begin MonoManager ReloadAssembly
Native extension for WindowsStandalone target not found
Native extension for WebGL target not found
Refreshing native plugins compatible for Editor in 0.33 ms, found 2 plugins.
Preloading 0 native plugins for Editor in 0.00 ms.
Mono: successfully reloaded assembly
- Completed reload, in  0.983 seconds
Domain Reload Profiling:
	ReloadAssembly (984ms)
		BeginReloadAssembly (121ms)
			ExecutionOrderSort (0ms)
			DisableScriptedObjects (6ms)
			BackupInstance (0ms)
			ReleaseScriptingObjects (0ms)
			CreateAndSetChildDomain (25ms)
		EndReloadAssembly (740ms)
			LoadAssemblies (81ms)
			RebuildTransferFunctionScriptingTraits (0ms)
			SetupTypeCache (205ms)
			ReleaseScriptCaches (0ms)
			RebuildScriptCaches (50ms)
			SetupLoadedEditorAssemblies (359ms)
				LogAssemblyErrors (0ms)
				InitializePlatformSupportModulesInManaged (7ms)
				SetLoadedEditorAssemblies (1ms)
				RefreshPlugins (0ms)
				BeforeProcessingInitializeOnLoad (62ms)
				ProcessInitializeOnLoadAttributes (251ms)
				ProcessInitializeOnLoadMethodAttributes (34ms)
				AfterProcessingInitializeOnLoad (4ms)
				EditorAssembliesLoaded (0ms)
			ExecutionOrderSort2 (0ms)
			AwakeInstancesAfterBackupRestoration (11ms)
Platform modules already initialized, skipping
========================================================================
Worker process is ready to serve import requests
Launched and connected shader compiler UnityShaderCompiler.exe after 0.06 seconds
Refreshing native plugins compatible for Editor in 0.62 ms, found 2 plugins.
Preloading 0 native plugins for Editor in 0.00 ms.
Unloading 1666 Unused Serialized files (Serialized files now loaded: 0)
Unloading 19 unused Assets / (47.8 KB). Loaded Objects now: 2131.
Memory consumption went from 71.5 MB to 71.5 MB.
Total: 4.616900 ms (FindLiveObjects: 0.262000 ms CreateObjectMapping: 0.148100 ms MarkObjects: 4.107500 ms  DeleteObjects: 0.097600 ms)

AssetImportParameters requested are different than current active one (requested -> active):
  custom:video-decoder-ogg-theora: a1e56fd34408186e4bbccfd4996cb3dc -> 
  custom:container-muxer-webm: aa71ff27fc2769a1b78a27578f13a17b -> 
  custom:container-demuxer-webm: 4f35f7cbe854078d1ac9338744f61a02 -> 
  custom:video-encoder-webm-vp8: eb34c28f22e8b96e1ab97ce403110664 -> 
  custom:video-codec-MediaFoundation-h265: 746d11721c4dcdbdad8f713fa42b33f4 -> 
  custom:audio-encoder-webm-vorbis: bf7c407c2cedff20999df2af8eb42d56 -> 
  custom:framework-win-MediaFoundation: 216162199b28c13a410421893ffa2e32 -> 
  custom:container-demuxer-ogg: 62fdf1f143b41e24485cea50d1cbac27 -> 
  custom:video-decoder-webm-vp8: 9c59270c3fd7afecdb556c50c9e8de78 -> 
  custom:audio-decoder-ogg-vorbis: bf7c407c2cedff20999df2af8eb42d56 -> 
========================================================================
Received Import Request.
  Time since last request: 64678.381716 seconds.
  path: Assets/OtherGame/GameScene.unity
  artifactKey: Guid(8a69785a7c7394d1286e8e0987d1c268) Importer(815301076,1909f56bfc062723c751e8b465ee728b)
Start importing Assets/OtherGame/GameScene.unity using Guid(8a69785a7c7394d1286e8e0987d1c268) Importer(815301076,1909f56bfc062723c751e8b465ee728b)  -> (artifact id: '4d534a8195f6fb87ac9ae0a12795c395') in 0.013339 seconds 
========================================================================
Received Import Request.
  Time since last request: 110.034159 seconds.
  path: Assets/OtherGame/__Prospector_Scene_0.unity
  artifactKey: Guid(8a69785a7c7394d1286e8e0987d1c268) Importer(815301076,1909f56bfc062723c751e8b465ee728b)
Start importing Assets/OtherGame/__Prospector_Scene_0.unity using Guid(8a69785a7c7394d1286e8e0987d1c268) Importer(815301076,1909f56bfc062723c751e8b465ee728b)  -> (artifact id: '5bd1971f8030a6814460989eaac65783') in 0.009017 seconds 
========================================================================
Received Import Request.
  Time since last request: 22.008412 seconds.
  path: Assets/Prospector/__Prospector_Scene_0.unity
  artifactKey: Guid(e7876eae655084f8d9b344b33478f0fa) Importer(815301076,1909f56bfc062723c751e8b465ee728b)
Start importing Assets/Prospector/__Prospector_Scene_0.unity using Guid(e7876eae655084f8d9b344b33478f0fa) Importer(815301076,1909f56bfc062723c751e8b465ee728b)  -> (artifact id: 'f511da3b5f83b51e9d18a9eba3ce2248') in 0.004137 seconds 
========================================================================
Received Import Request.
  Time since last request: 3.814876 seconds.
  path: Assets/Prospector/IGDPD Prospector Layout.wlt
  artifactKey: Guid(37c2a50281d114b65becc1969c81dfb5) Importer(815301076,1909f56bfc062723c751e8b465ee728b)
Start importing Assets/Prospector/IGDPD Prospector Layout.wlt using Guid(37c2a50281d114b65becc1969c81dfb5) Importer(815301076,1909f56bfc062723c751e8b465ee728b)  -> (artifact id: '9128b05982227704d764519375c87cd9') in 0.051372 seconds 
========================================================================
Received Import Request.
  Time since last request: 81.678141 seconds.
  path: Assets/OtherGame
  artifactKey: Guid(611fad1c58d1745cd90ab04ce42540ac) Importer(815301076,1909f56bfc062723c751e8b465ee728b)
Start importing Assets/OtherGame using Guid(611fad1c58d1745cd90ab04ce42540ac) Importer(815301076,1909f56bfc062723c751e8b465ee728b)  -> (artifact id: '4f4c446aed3a283c0b25b23feff1b4d3') in 0.010280 seconds 
========================================================================
Received Import Request.
  Time since last request: 3.364602 seconds.
  path: Assets/mainScene.unity
  artifactKey: Guid(f126f207300ec4022bbd7d71b769f57c) Importer(815301076,1909f56bfc062723c751e8b465ee728b)
Start importing Assets/mainScene.unity using Guid(f126f207300ec4022bbd7d71b769f57c) Importer(815301076,1909f56bfc062723c751e8b465ee728b)  -> (artifact id: '4e14fda03450c6916cc7ae9f3d2650f4') in 0.009481 seconds 
========================================================================
Received Import Request.
  Time since last request: 424.663934 seconds.
  path: Assets/Prospector/_Sprites/FaceCard_11C.png
  artifactKey: Guid(0044ad2d99ea04858a663c3491cc9a91) Importer(815301076,1909f56bfc062723c751e8b465ee728b)
Start importing Assets/Prospector/_Sprites/FaceCard_11C.png using Guid(0044ad2d99ea04858a663c3491cc9a91) Importer(815301076,1909f56bfc062723c751e8b465ee728b)  -> (artifact id: 'cb2ac0418bbaf466cce258ba535a859a') in 0.122219 seconds 
========================================================================
Received Import Request.
  Time since last request: 65.319169 seconds.
  path: Assets/Prospector/_Sprites/FaceCard_11D.png
  artifactKey: Guid(c10418368653749f796f63e87cde78ec) Importer(815301076,1909f56bfc062723c751e8b465ee728b)
Start importing Assets/Prospector/_Sprites/FaceCard_11D.png using Guid(c10418368653749f796f63e87cde78ec) Importer(815301076,1909f56bfc062723c751e8b465ee728b)  -> (artifact id: '408be708d21d75737bff5299c67bcdd6') in 0.023641 seconds 
========================================================================
Received Import Request.
  Time since last request: 0.956202 seconds.
  path: Assets/Prospector/_Sprites/Card_Back.png
  artifactKey: Guid(a8185ed8d47594bb8a3b8e2d9233f769) Importer(815301076,1909f56bfc062723c751e8b465ee728b)
Start importing Assets/Prospector/_Sprites/Card_Back.png using Guid(a8185ed8d47594bb8a3b8e2d9233f769) Importer(815301076,1909f56bfc062723c751e8b465ee728b)  -> (artifact id: '8c2876ebd52ff86478556713105945d4') in 0.030957 seconds 
========================================================================
Received Import Request.
  Time since last request: 25.879663 seconds.
  path: Assets/Prospector/_Sprites/Rank.png
  artifactKey: Guid(d0c845d4237544f98853405c6817ee79) Importer(815301076,1909f56bfc062723c751e8b465ee728b)
Start importing Assets/Prospector/_Sprites/Rank.png using Guid(d0c845d4237544f98853405c6817ee79) Importer(815301076,1909f56bfc062723c751e8b465ee728b)  -> (artifact id: 'dfbd9399bd7ad6eb00c2094d454cc2cc') in 0.019526 seconds 
========================================================================
Received Import Request.
  Time since last request: 28.628039 seconds.
  path: Assets/Prospector/_Sprites/Rank.png
  artifactKey: Guid(d0c845d4237544f98853405c6817ee79) Importer(815301076,1909f56bfc062723c751e8b465ee728b)
Start importing Assets/Prospector/_Sprites/Rank.png using Guid(d0c845d4237544f98853405c6817ee79) Importer(815301076,1909f56bfc062723c751e8b465ee728b)  -> (artifact id: '68bdab9d5bf709e0f5b2125a91416812') in 0.038935 seconds 
========================================================================
Received Prepare
Registering precompiled user dll's ...
Registered in 0.008334 seconds.
Begin MonoManager ReloadAssembly
Native extension for WindowsStandalone target not found
Native extension for WebGL target not found
Refreshing native plugins compatible for Editor in 0.40 ms, found 2 plugins.
Preloading 0 native plugins for Editor in 0.00 ms.
Mono: successfully reloaded assembly
- Completed reload, in  1.165 seconds
Domain Reload Profiling:
	ReloadAssembly (1166ms)
		BeginReloadAssembly (142ms)
			ExecutionOrderSort (0ms)
			DisableScriptedObjects (6ms)
			BackupInstance (0ms)
			ReleaseScriptingObjects (0ms)
			CreateAndSetChildDomain (35ms)
		EndReloadAssembly (891ms)
			LoadAssemblies (96ms)
			RebuildTransferFunctionScriptingTraits (0ms)
			SetupTypeCache (255ms)
			ReleaseScriptCaches (1ms)
			RebuildScriptCaches (52ms)
			SetupLoadedEditorAssemblies (420ms)
				LogAssemblyErrors (0ms)
				InitializePlatformSupportModulesInManaged (20ms)
				SetLoadedEditorAssemblies (1ms)
				RefreshPlugins (0ms)
				BeforeProcessingInitializeOnLoad (56ms)
				ProcessInitializeOnLoadAttributes (306ms)
				ProcessInitializeOnLoadMethodAttributes (32ms)
				AfterProcessingInitializeOnLoad (4ms)
				EditorAssembliesLoaded (0ms)
			ExecutionOrderSort2 (0ms)
			AwakeInstancesAfterBackupRestoration (12ms)
Platform modules already initialized, skipping
Refreshing native plugins compatible for Editor in 1.57 ms, found 2 plugins.
Preloading 0 native plugins for Editor in 0.00 ms.
Unloading 1696 Unused Serialized files (Serialized files now loaded: 0)
Unloading 12 unused Assets / (24.6 KB). Loaded Objects now: 2186.
Memory consumption went from 76.2 MB to 76.1 MB.
Total: 4.486700 ms (FindLiveObjects: 0.223400 ms CreateObjectMapping: 0.075700 ms MarkObjects: 4.150700 ms  DeleteObjects: 0.035600 ms)

AssetImportParameters requested are different than current active one (requested -> active):
  custom:video-decoder-ogg-theora: a1e56fd34408186e4bbccfd4996cb3dc -> 
  custom:container-muxer-webm: aa71ff27fc2769a1b78a27578f13a17b -> 
  custom:container-demuxer-webm: 4f35f7cbe854078d1ac9338744f61a02 -> 
  custom:video-encoder-webm-vp8: eb34c28f22e8b96e1ab97ce403110664 -> 
  custom:video-codec-MediaFoundation-h265: 746d11721c4dcdbdad8f713fa42b33f4 -> 
  custom:audio-encoder-webm-vorbis: bf7c407c2cedff20999df2af8eb42d56 -> 
  custom:framework-win-MediaFoundation: 216162199b28c13a410421893ffa2e32 -> 
  custom:container-demuxer-ogg: 62fdf1f143b41e24485cea50d1cbac27 -> 
  custom:video-decoder-webm-vp8: 9c59270c3fd7afecdb556c50c9e8de78 -> 
  custom:audio-decoder-ogg-vorbis: bf7c407c2cedff20999df2af8eb42d56 -> 
